{"numFailedTestSuites":0,"numFailedTests":0,"numPassedTestSuites":15,"numPassedTests":397,"numPendingTestSuites":0,"numPendingTests":0,"numRuntimeErrorTestSuites":0,"numTodoTests":0,"numTotalTestSuites":15,"numTotalTests":397,"openHandles":[],"snapshot":{"added":0,"didUpdate":false,"failure":false,"filesAdded":0,"filesRemoved":0,"filesRemovedList":[],"filesUnmatched":0,"filesUpdated":0,"matched":0,"total":0,"unchecked":0,"uncheckedKeysByFile":[],"unmatched":0,"updated":0},"startTime":1781593220112,"success":true,"testResults":[{"assertionResults":[{"ancestorTitles":["UsersService","getProfile"],"duration":34,"failureDetails":[],"failureMessages":[],"fullName":"UsersService getProfile returns profile when it exists","invocations":1,"location":null,"numPassingAsserts":1,"retryReasons":[],"status":"passed","title":"returns profile when it exists"},{"ancestorTitles":["UsersService","getProfile"],"duration":5,"failureDetails":[],"failureMessages":[],"fullName":"UsersService getProfile auto-creates profile when missing and retries","invocations":1,"location":null,"numPassingAsserts":2,"retryReasons":[],"status":"passed","title":"auto-creates profile when missing and retries"},{"ancestorTitles":["UsersService","updateProfile"],"duration":4,"failureDetails":[],"failureMessages":[],"fullName":"UsersService updateProfile calls sp_update_user_profile with merged values","invocations":1,"location":null,"numPassingAsserts":2,"retryReasons":[],"status":"passed","title":"calls sp_update_user_profile with merged values"},{"ancestorTitles":["UsersService","setupMfa"],"duration":7,"failureDetails":[],"failureMessages":[],"fullName":"UsersService setupMfa returns secret, otpauth URL and QR code","invocations":1,"location":null,"numPassingAsserts":4,"retryReasons":[],"status":"passed","title":"returns secret, otpauth URL and QR code"},{"ancestorTitles":["UsersService","setupMfa"],"duration":33,"failureDetails":[],"failureMessages":[],"fullName":"UsersService setupMfa throws NotFoundException when user does not exist","invocations":1,"location":null,"numPassingAsserts":1,"retryReasons":[],"status":"passed","title":"throws NotFoundException when user does not exist"},{"ancestorTitles":["UsersService","enableMfa"],"duration":4,"failureDetails":[],"failureMessages":[],"fullName":"UsersService enableMfa enables MFA when code is valid","invocations":1,"location":null,"numPassingAsserts":2,"retryReasons":[],"status":"passed","title":"enables MFA when code is valid"},{"ancestorTitles":["UsersService","enableMfa"],"duration":5,"failureDetails":[],"failureMessages":[],"fullName":"UsersService enableMfa throws NotFoundException when MFA not configured","invocations":1,"location":null,"numPassingAsserts":1,"retryReasons":[],"status":"passed","title":"throws NotFoundException when MFA not configured"},{"ancestorTitles":["UsersService","enableMfa"],"duration":4,"failureDetails":[],"failureMessages":[],"fullName":"UsersService enableMfa throws ConflictException when MFA already enabled","invocations":1,"location":null,"numPassingAsserts":1,"retryReasons":[],"status":"passed","title":"throws ConflictException when MFA already enabled"},{"ancestorTitles":["UsersService","enableMfa"],"duration":4,"failureDetails":[],"failureMessages":[],"fullName":"UsersService enableMfa throws ForbiddenException when code is invalid","invocations":1,"location":null,"numPassingAsserts":1,"retryReasons":[],"status":"passed","title":"throws ForbiddenException when code is invalid"},{"ancestorTitles":["UsersService","disableMfa"],"duration":3,"failureDetails":[],"failureMessages":[],"fullName":"UsersService disableMfa disables MFA when code is valid","invocations":1,"location":null,"numPassingAsserts":2,"retryReasons":[],"status":"passed","title":"disables MFA when code is valid"},{"ancestorTitles":["UsersService","disableMfa"],"duration":2,"failureDetails":[],"failureMessages":[],"fullName":"UsersService disableMfa throws NotFoundException when MFA not enabled","invocations":1,"location":null,"numPassingAsserts":1,"retryReasons":[],"status":"passed","title":"throws NotFoundException when MFA not enabled"},{"ancestorTitles":["UsersService","disableMfa"],"duration":2,"failureDetails":[],"failureMessages":[],"fullName":"UsersService disableMfa throws NotFoundException when is_active is false","invocations":1,"location":null,"numPassingAsserts":1,"retryReasons":[],"status":"passed","title":"throws NotFoundException when is_active is false"},{"ancestorTitles":["UsersService","disableMfa"],"duration":3,"failureDetails":[],"failureMessages":[],"fullName":"UsersService disableMfa throws ForbiddenException when code is invalid","invocations":1,"location":null,"numPassingAsserts":1,"retryReasons":[],"status":"passed","title":"throws ForbiddenException when code is invalid"},{"ancestorTitles":["UsersService","getMfaStatus"],"duration":3,"failureDetails":[],"failureMessages":[],"fullName":"UsersService getMfaStatus returns enabled=true when MFA is active","invocations":1,"location":null,"numPassingAsserts":1,"retryReasons":[],"status":"passed","title":"returns enabled=true when MFA is active"},{"ancestorTitles":["UsersService","getMfaStatus"],"duration":4,"failureDetails":[],"failureMessages":[],"fullName":"UsersService getMfaStatus returns enabled=false when MFA is not configured","invocations":1,"location":null,"numPassingAsserts":1,"retryReasons":[],"status":"passed","title":"returns enabled=false when MFA is not configured"},{"ancestorTitles":["UsersService","verifyTotpCode"],"duration":4,"failureDetails":[],"failureMessages":[],"fullName":"UsersService verifyTotpCode returns true for a valid TOTP code (mocked as returning 0)","invocations":1,"location":null,"numPassingAsserts":1,"retryReasons":[],"status":"passed","title":"returns true for a valid TOTP code (mocked as returning 0)"},{"ancestorTitles":["UsersService","verifyTotpCode"],"duration":2,"failureDetails":[],"failureMessages":[],"fullName":"UsersService verifyTotpCode returns false when TOTP validate returns null","invocations":1,"location":null,"numPassingAsserts":1,"retryReasons":[],"status":"passed","title":"returns false when TOTP validate returns null"},{"ancestorTitles":["UsersService","exportData"],"duration":1,"failureDetails":[],"failureMessages":[],"fullName":"UsersService exportData returns exported data from stored procedure","invocations":1,"location":null,"numPassingAsserts":1,"retryReasons":[],"status":"passed","title":"returns exported data from stored procedure"},{"ancestorTitles":["UsersService","exportData"],"duration":2,"failureDetails":[],"failureMessages":[],"fullName":"UsersService exportData returns empty object when procedure returns null","invocations":1,"location":null,"numPassingAsserts":1,"retryReasons":[],"status":"passed","title":"returns empty object when procedure returns null"},{"ancestorTitles":["UsersService","deleteAccount"],"duration":2,"failureDetails":[],"failureMessages":[],"fullName":"UsersService deleteAccount calls sp_anonymize_user","invocations":1,"location":null,"numPassingAsserts":1,"retryReasons":[],"status":"passed","title":"calls sp_anonymize_user"},{"ancestorTitles":["UsersService","getFirstDayContext"],"duration":2,"failureDetails":[],"failureMessages":[],"fullName":"UsersService getFirstDayContext calls fn_first_day_context with orgId and userId","invocations":1,"location":null,"numPassingAsserts":2,"retryReasons":[],"status":"passed","title":"calls fn_first_day_context with orgId and userId"},{"ancestorTitles":["UsersService","getFirstDayContext"],"duration":2,"failureDetails":[],"failureMessages":[],"fullName":"UsersService getFirstDayContext returns the JSONB payload from fn_first_day_context","invocations":1,"location":null,"numPassingAsserts":2,"retryReasons":[],"status":"passed","title":"returns the JSONB payload from fn_first_day_context"},{"ancestorTitles":["UsersService","completeFirstDay"],"duration":3,"failureDetails":[],"failureMessages":[],"fullName":"UsersService completeFirstDay executes UPDATE users SET first_day_completed_at = NOW() WHERE id = $1 AND first_day_completed_at IS NULL","invocations":1,"location":null,"numPassingAsserts":1,"retryReasons":[],"status":"passed","title":"executes UPDATE users SET first_day_completed_at = NOW() WHERE id = $1 AND first_day_completed_at IS NULL"},{"ancestorTitles":["UsersService","completeFirstDay"],"duration":2,"failureDetails":[],"failureMessages":[],"fullName":"UsersService completeFirstDay UPDATE includes IS NULL guard for idempotency","invocations":1,"location":null,"numPassingAsserts":1,"retryReasons":[],"status":"passed","title":"UPDATE includes IS NULL guard for idempotency"},{"ancestorTitles":["UsersService","resetFirstDay"],"duration":2,"failureDetails":[],"failureMessages":[],"fullName":"UsersService resetFirstDay sets first_day_completed_at to NULL for target user","invocations":1,"location":null,"numPassingAsserts":1,"retryReasons":[],"status":"passed","title":"sets first_day_completed_at to NULL for target user"},{"ancestorTitles":["UsersService","resetFirstDay"],"duration":2,"failureDetails":[],"failureMessages":[],"fullName":"UsersService resetFirstDay scopes reset to the organization to prevent cross-org modification","invocations":1,"location":null,"numPassingAsserts":1,"retryReasons":[],"status":"passed","title":"scopes reset to the organization to prevent cross-org modification"}],"endTime":1781593269699,"message":"","name":"D:\\Estrategia\\backend\\src\\modules\\users\\users.service.spec.ts","startTime":1781593221728,"status":"passed","summary":""},{"assertionResults":[{"ancestorTitles":["BillingService","getPlans"],"duration":19,"failureDetails":[],"failureMessages":[],"fullName":"BillingService getPlans returns all plan definitions","invocations":1,"location":null,"numPassingAsserts":2,"retryReasons":[],"status":"passed","title":"returns all plan definitions"},{"ancestorTitles":["BillingService","getPlans"],"duration":3,"failureDetails":[],"failureMessages":[],"fullName":"BillingService getPlans PRO plan has correct USD price","invocations":1,"location":null,"numPassingAsserts":1,"retryReasons":[],"status":"passed","title":"PRO plan has correct USD price"},{"ancestorTitles":["BillingService","getPlans"],"duration":2,"failureDetails":[],"failureMessages":[],"fullName":"BillingService getPlans FREE plan has 0 price","invocations":1,"location":null,"numPassingAsserts":2,"retryReasons":[],"status":"passed","title":"FREE plan has 0 price"},{"ancestorTitles":["BillingService","createStripeCheckout — Stripe not configured"],"duration":223,"failureDetails":[],"failureMessages":[],"fullName":"BillingService createStripeCheckout — Stripe not configured throws BadRequestException when Stripe is not configured","invocations":1,"location":null,"numPassingAsserts":1,"retryReasons":[],"status":"passed","title":"throws BadRequestException when Stripe is not configured"},{"ancestorTitles":["BillingService","createStripePortal — Stripe not configured"],"duration":3,"failureDetails":[],"failureMessages":[],"fullName":"BillingService createStripePortal — Stripe not configured throws BadRequestException when Stripe is not configured","invocations":1,"location":null,"numPassingAsserts":1,"retryReasons":[],"status":"passed","title":"throws BadRequestException when Stripe is not configured"},{"ancestorTitles":["BillingService","handleStripeWebhook — Stripe not configured"],"duration":2,"failureDetails":[],"failureMessages":[],"fullName":"BillingService handleStripeWebhook — Stripe not configured returns without throwing when Stripe is not configured","invocations":1,"location":null,"numPassingAsserts":1,"retryReasons":[],"status":"passed","title":"returns without throwing when Stripe is not configured"},{"ancestorTitles":["BillingService","getOrgBillingStatus"],"duration":3,"failureDetails":[],"failureMessages":[],"fullName":"BillingService getOrgBillingStatus returns billing status with trial active","invocations":1,"location":null,"numPassingAsserts":4,"retryReasons":[],"status":"passed","title":"returns billing status with trial active"},{"ancestorTitles":["BillingService","getOrgBillingStatus"],"duration":2,"failureDetails":[],"failureMessages":[],"fullName":"BillingService getOrgBillingStatus returns billing status with trial expired","invocations":1,"location":null,"numPassingAsserts":2,"retryReasons":[],"status":"passed","title":"returns billing status with trial expired"},{"ancestorTitles":["BillingService","getOrgBillingStatus"],"duration":4,"failureDetails":[],"failureMessages":[],"fullName":"BillingService getOrgBillingStatus returns has_subscription true when stripe sub exists","invocations":1,"location":null,"numPassingAsserts":2,"retryReasons":[],"status":"passed","title":"returns has_subscription true when stripe sub exists"},{"ancestorTitles":["BillingService","getOrgBillingStatus"],"duration":2,"failureDetails":[],"failureMessages":[],"fullName":"BillingService getOrgBillingStatus throws NotFoundException when org not found","invocations":1,"location":null,"numPassingAsserts":1,"retryReasons":[],"status":"passed","title":"throws NotFoundException when org not found"},{"ancestorTitles":["BillingService","handleStripeWebhook — with Stripe mock"],"duration":2,"failureDetails":[],"failureMessages":[],"fullName":"BillingService handleStripeWebhook — with Stripe mock returns early for duplicate event (idempotency)","invocations":1,"location":null,"numPassingAsserts":1,"retryReasons":[],"status":"passed","title":"returns early for duplicate event (idempotency)"},{"ancestorTitles":["BillingService","handleStripeWebhook — with Stripe mock"],"duration":3,"failureDetails":[],"failureMessages":[],"fullName":"BillingService handleStripeWebhook — with Stripe mock throws BadRequestException on invalid webhook signature","invocations":1,"location":null,"numPassingAsserts":1,"retryReasons":[],"status":"passed","title":"throws BadRequestException on invalid webhook signature"},{"ancestorTitles":["BillingService","handleStripeWebhook — with Stripe mock"],"duration":2,"failureDetails":[],"failureMessages":[],"fullName":"BillingService handleStripeWebhook — with Stripe mock processes checkout.session.completed — upgrades org to PRO","invocations":1,"location":null,"numPassingAsserts":1,"retryReasons":[],"status":"passed","title":"processes checkout.session.completed — upgrades org to PRO"},{"ancestorTitles":["BillingService","handleStripeWebhook — with Stripe mock"],"duration":2,"failureDetails":[],"failureMessages":[],"fullName":"BillingService handleStripeWebhook — with Stripe mock processes invoice.payment_succeeded — updates period end","invocations":1,"location":null,"numPassingAsserts":1,"retryReasons":[],"status":"passed","title":"processes invoice.payment_succeeded — updates period end"},{"ancestorTitles":["BillingService","handleStripeWebhook — with Stripe mock"],"duration":1,"failureDetails":[],"failureMessages":[],"fullName":"BillingService handleStripeWebhook — with Stripe mock processes invoice.payment_succeeded — skips when sub has no org_id","invocations":1,"location":null,"numPassingAsserts":1,"retryReasons":[],"status":"passed","title":"processes invoice.payment_succeeded — skips when sub has no org_id"},{"ancestorTitles":["BillingService","handleStripeWebhook — with Stripe mock"],"duration":2,"failureDetails":[],"failureMessages":[],"fullName":"BillingService handleStripeWebhook — with Stripe mock processes customer.subscription.updated — updates period_end and interval","invocations":1,"location":null,"numPassingAsserts":1,"retryReasons":[],"status":"passed","title":"processes customer.subscription.updated — updates period_end and interval"},{"ancestorTitles":["BillingService","handleStripeWebhook — with Stripe mock"],"duration":3,"failureDetails":[],"failureMessages":[],"fullName":"BillingService handleStripeWebhook — with Stripe mock customer.subscription.updated — monthly interval when plan.interval is month","invocations":1,"location":null,"numPassingAsserts":1,"retryReasons":[],"status":"passed","title":"customer.subscription.updated — monthly interval when plan.interval is month"},{"ancestorTitles":["BillingService","handleStripeWebhook — with Stripe mock"],"duration":1,"failureDetails":[],"failureMessages":[],"fullName":"BillingService handleStripeWebhook — with Stripe mock customer.subscription.updated — skips when no org_id in metadata","invocations":1,"location":null,"numPassingAsserts":1,"retryReasons":[],"status":"passed","title":"customer.subscription.updated — skips when no org_id in metadata"},{"ancestorTitles":["BillingService","handleStripeWebhook — with Stripe mock"],"duration":2,"failureDetails":[],"failureMessages":[],"fullName":"BillingService handleStripeWebhook — with Stripe mock processes invoice.payment_failed — only logs, no downgrade","invocations":1,"location":null,"numPassingAsserts":1,"retryReasons":[],"status":"passed","title":"processes invoice.payment_failed — only logs, no downgrade"},{"ancestorTitles":["BillingService","handleStripeWebhook — with Stripe mock"],"duration":2,"failureDetails":[],"failureMessages":[],"fullName":"BillingService handleStripeWebhook — with Stripe mock processes customer.subscription.deleted — downgrades org to FREE","invocations":1,"location":null,"numPassingAsserts":1,"retryReasons":[],"status":"passed","title":"processes customer.subscription.deleted — downgrades org to FREE"},{"ancestorTitles":["BillingService","handleStripeWebhook — with Stripe mock"],"duration":2,"failureDetails":[],"failureMessages":[],"fullName":"BillingService handleStripeWebhook — with Stripe mock customer.subscription.deleted — skips when no org_id in metadata","invocations":1,"location":null,"numPassingAsserts":1,"retryReasons":[],"status":"passed","title":"customer.subscription.deleted — skips when no org_id in metadata"},{"ancestorTitles":["BillingService","handleStripeWebhook — with Stripe mock"],"duration":2,"failureDetails":[],"failureMessages":[],"fullName":"BillingService handleStripeWebhook — with Stripe mock records every processed event in billing_events (idempotency log)","invocations":1,"location":null,"numPassingAsserts":2,"retryReasons":[],"status":"passed","title":"records every processed event in billing_events (idempotency log)"},{"ancestorTitles":["BillingService","createStripeCheckout — with Stripe mock"],"duration":5,"failureDetails":[],"failureMessages":[],"fullName":"BillingService createStripeCheckout — with Stripe mock throws BadRequestException when price ID not configured","invocations":1,"location":null,"numPassingAsserts":1,"retryReasons":[],"status":"passed","title":"throws BadRequestException when price ID not configured"},{"ancestorTitles":["BillingService","createStripeCheckout — with Stripe mock"],"duration":2,"failureDetails":[],"failureMessages":[],"fullName":"BillingService createStripeCheckout — with Stripe mock creates a new Stripe customer when org has none","invocations":1,"location":null,"numPassingAsserts":2,"retryReasons":[],"status":"passed","title":"creates a new Stripe customer when org has none"},{"ancestorTitles":["BillingService","createStripeCheckout — with Stripe mock"],"duration":1,"failureDetails":[],"failureMessages":[],"fullName":"BillingService createStripeCheckout — with Stripe mock reuses existing Stripe customer","invocations":1,"location":null,"numPassingAsserts":1,"retryReasons":[],"status":"passed","title":"reuses existing Stripe customer"},{"ancestorTitles":["BillingService","createStripeCheckout — with Stripe mock"],"duration":2,"failureDetails":[],"failureMessages":[],"fullName":"BillingService createStripeCheckout — with Stripe mock throws NotFoundException when org not found","invocations":1,"location":null,"numPassingAsserts":1,"retryReasons":[],"status":"passed","title":"throws NotFoundException when org not found"},{"ancestorTitles":["BillingService","createStripePortal — with Stripe mock"],"duration":2,"failureDetails":[],"failureMessages":[],"fullName":"BillingService createStripePortal — with Stripe mock throws BadRequestException when org has no Stripe customer","invocations":1,"location":null,"numPassingAsserts":1,"retryReasons":[],"status":"passed","title":"throws BadRequestException when org has no Stripe customer"},{"ancestorTitles":["BillingService","createStripePortal — with Stripe mock"],"duration":1,"failureDetails":[],"failureMessages":[],"fullName":"BillingService createStripePortal — with Stripe mock returns portal URL for org with Stripe customer","invocations":1,"location":null,"numPassingAsserts":1,"retryReasons":[],"status":"passed","title":"returns portal URL for org with Stripe customer"}],"endTime":1781593271219,"message":"","name":"D:\\Estrategia\\backend\\src\\modules\\billing\\billing.service.spec.ts","startTime":1781593221716,"status":"passed","summary":""},{"assertionResults":[{"ancestorTitles":["AuthService","validateUser"],"duration":33,"failureDetails":[],"failureMessages":[],"fullName":"AuthService validateUser returns session when credentials are valid","invocations":1,"location":null,"numPassingAsserts":1,"retryReasons":[],"status":"passed","title":"returns session when credentials are valid"},{"ancestorTitles":["AuthService","validateUser"],"duration":3,"failureDetails":[],"failureMessages":[],"fullName":"AuthService validateUser returns null when credentials are invalid","invocations":1,"location":null,"numPassingAsserts":1,"retryReasons":[],"status":"passed","title":"returns null when credentials are invalid"},{"ancestorTitles":["AuthService","validateUser"],"duration":26,"failureDetails":[],"failureMessages":[],"fullName":"AuthService validateUser throws UnauthorizedException when account is locked","invocations":1,"location":null,"numPassingAsserts":1,"retryReasons":[],"status":"passed","title":"throws UnauthorizedException when account is locked"},{"ancestorTitles":["AuthService","validateUser"],"duration":3,"failureDetails":[],"failureMessages":[],"fullName":"AuthService validateUser records login attempt in login_attempts even on failure","invocations":1,"location":null,"numPassingAsserts":1,"retryReasons":[],"status":"passed","title":"records login attempt in login_attempts even on failure"},{"ancestorTitles":["AuthService","validateUser"],"duration":3,"failureDetails":[],"failureMessages":[],"fullName":"AuthService validateUser uses 127.0.0.1 as fallback when ip is empty string","invocations":1,"location":null,"numPassingAsserts":1,"retryReasons":[],"status":"passed","title":"uses 127.0.0.1 as fallback when ip is empty string"},{"ancestorTitles":["AuthService","register"],"duration":3,"failureDetails":[],"failureMessages":[],"fullName":"AuthService register throws ConflictException on SLUG_ALREADY_EXISTS","invocations":1,"location":null,"numPassingAsserts":1,"retryReasons":[],"status":"passed","title":"throws ConflictException on SLUG_ALREADY_EXISTS"},{"ancestorTitles":["AuthService","register"],"duration":3,"failureDetails":[],"failureMessages":[],"fullName":"AuthService register throws ConflictException on duplicate email in org","invocations":1,"location":null,"numPassingAsserts":1,"retryReasons":[],"status":"passed","title":"throws ConflictException on duplicate email in org"},{"ancestorTitles":["AuthService","register"],"duration":5,"failureDetails":[],"failureMessages":[],"fullName":"AuthService register throws ConflictException on INVITATION_INVALID_OR_EXPIRED","invocations":1,"location":null,"numPassingAsserts":1,"retryReasons":[],"status":"passed","title":"throws ConflictException on INVITATION_INVALID_OR_EXPIRED"},{"ancestorTitles":["AuthService","register"],"duration":6,"failureDetails":[],"failureMessages":[],"fullName":"AuthService register re-throws unknown DB errors","invocations":1,"location":null,"numPassingAsserts":1,"retryReasons":[],"status":"passed","title":"re-throws unknown DB errors"},{"ancestorTitles":["AuthService","logout"],"duration":5,"failureDetails":[],"failureMessages":[],"fullName":"AuthService logout revokes the hashed refresh token","invocations":1,"location":null,"numPassingAsserts":1,"retryReasons":[],"status":"passed","title":"revokes the hashed refresh token"},{"ancestorTitles":["AuthService","logoutAll"],"duration":1,"failureDetails":[],"failureMessages":[],"fullName":"AuthService logoutAll revokes all refresh tokens for the user","invocations":1,"location":null,"numPassingAsserts":1,"retryReasons":[],"status":"passed","title":"revokes all refresh tokens for the user"},{"ancestorTitles":["AuthService","refresh"],"duration":2,"failureDetails":[],"failureMessages":[],"fullName":"AuthService refresh returns null when token not found in DB","invocations":1,"location":null,"numPassingAsserts":1,"retryReasons":[],"status":"passed","title":"returns null when token not found in DB"},{"ancestorTitles":["AuthService","refresh"],"duration":3,"failureDetails":[],"failureMessages":[],"fullName":"AuthService refresh returns new access and refresh tokens on success","invocations":1,"location":null,"numPassingAsserts":4,"retryReasons":[],"status":"passed","title":"returns new access and refresh tokens on success"},{"ancestorTitles":["AuthService","refresh"],"duration":2,"failureDetails":[],"failureMessages":[],"fullName":"AuthService refresh signs new access token with correct claims","invocations":1,"location":null,"numPassingAsserts":1,"retryReasons":[],"status":"passed","title":"signs new access token with correct claims"},{"ancestorTitles":["AuthService","getMyOrgs"],"duration":2,"failureDetails":[],"failureMessages":[],"fullName":"AuthService getMyOrgs returns orgs list for a user email","invocations":1,"location":null,"numPassingAsserts":2,"retryReasons":[],"status":"passed","title":"returns orgs list for a user email"},{"ancestorTitles":["AuthService","getMyOrgs"],"duration":2,"failureDetails":[],"failureMessages":[],"fullName":"AuthService getMyOrgs returns empty array when user has no orgs","invocations":1,"location":null,"numPassingAsserts":1,"retryReasons":[],"status":"passed","title":"returns empty array when user has no orgs"},{"ancestorTitles":["AuthService","forgotPassword"],"duration":1,"failureDetails":[],"failureMessages":[],"fullName":"AuthService forgotPassword does nothing when user not found — prevents email enumeration","invocations":1,"location":null,"numPassingAsserts":1,"retryReasons":[],"status":"passed","title":"does nothing when user not found — prevents email enumeration"},{"ancestorTitles":["AuthService","forgotPassword"],"duration":1,"failureDetails":[],"failureMessages":[],"fullName":"AuthService forgotPassword sends password reset email when user exists","invocations":1,"location":null,"numPassingAsserts":1,"retryReasons":[],"status":"passed","title":"sends password reset email when user exists"},{"ancestorTitles":["AuthService","forgotPassword"],"duration":2,"failureDetails":[],"failureMessages":[],"fullName":"AuthService forgotPassword passes English locale from user_profiles to email","invocations":1,"location":null,"numPassingAsserts":1,"retryReasons":[],"status":"passed","title":"passes English locale from user_profiles to email"},{"ancestorTitles":["AuthService","getResetTokenInfo"],"duration":1,"failureDetails":[],"failureMessages":[],"fullName":"AuthService getResetTokenInfo returns email and name when token is valid","invocations":1,"location":null,"numPassingAsserts":1,"retryReasons":[],"status":"passed","title":"returns email and name when token is valid"},{"ancestorTitles":["AuthService","getResetTokenInfo"],"duration":1,"failureDetails":[],"failureMessages":[],"fullName":"AuthService getResetTokenInfo throws UnauthorizedException when token is invalid or expired","invocations":1,"location":null,"numPassingAsserts":1,"retryReasons":[],"status":"passed","title":"throws UnauthorizedException when token is invalid or expired"},{"ancestorTitles":["AuthService","getInvitationInfo"],"duration":1,"failureDetails":[],"failureMessages":[],"fullName":"AuthService getInvitationInfo returns invitation info for a valid token","invocations":1,"location":null,"numPassingAsserts":1,"retryReasons":[],"status":"passed","title":"returns invitation info for a valid token"},{"ancestorTitles":["AuthService","getInvitationInfo"],"duration":2,"failureDetails":[],"failureMessages":[],"fullName":"AuthService getInvitationInfo throws UnauthorizedException for invalid or expired invitation","invocations":1,"location":null,"numPassingAsserts":1,"retryReasons":[],"status":"passed","title":"throws UnauthorizedException for invalid or expired invitation"}],"endTime":1781593273532,"message":"","name":"D:\\Estrategia\\backend\\src\\modules\\auth\\auth.service.spec.ts","startTime":1781593221830,"status":"passed","summary":""},{"assertionResults":[{"ancestorTitles":["AiService","isReady — valid API key"],"duration":8,"failureDetails":[],"failureMessages":[],"fullName":"AiService isReady — valid API key returns true when API key starts with sk-ant- and length > 20","invocations":1,"location":null,"numPassingAsserts":1,"retryReasons":[],"status":"passed","title":"returns true when API key starts with sk-ant- and length > 20"},{"ancestorTitles":["AiService","isReady — valid API key"],"duration":4,"failureDetails":[],"failureMessages":[],"fullName":"AiService isReady — valid API key generateText returns null and does not throw on API error","invocations":1,"location":null,"numPassingAsserts":1,"retryReasons":[],"status":"passed","title":"generateText returns null and does not throw on API error"},{"ancestorTitles":["AiService","isReady — valid API key"],"duration":3,"failureDetails":[],"failureMessages":[],"fullName":"AiService isReady — valid API key generateText returns text content on success","invocations":1,"location":null,"numPassingAsserts":1,"retryReasons":[],"status":"passed","title":"generateText returns text content on success"},{"ancestorTitles":["AiService","isReady — missing API key"],"duration":4,"failureDetails":[],"failureMessages":[],"fullName":"AiService isReady — missing API key returns false when API key is empty","invocations":1,"location":null,"numPassingAsserts":1,"retryReasons":[],"status":"passed","title":"returns false when API key is empty"},{"ancestorTitles":["AiService","isReady — missing API key"],"duration":3,"failureDetails":[],"failureMessages":[],"fullName":"AiService isReady — missing API key generateText returns null without calling API","invocations":1,"location":null,"numPassingAsserts":1,"retryReasons":[],"status":"passed","title":"generateText returns null without calling API"},{"ancestorTitles":["AiService","generateCheckinSummary"],"duration":12,"failureDetails":[],"failureMessages":[],"fullName":"AiService generateCheckinSummary returns { summary: null } when service is not ready","invocations":1,"location":null,"numPassingAsserts":1,"retryReasons":[],"status":"passed","title":"returns { summary: null } when service is not ready"},{"ancestorTitles":["AiService","generateCheckinSummary"],"duration":4,"failureDetails":[],"failureMessages":[],"fullName":"AiService generateCheckinSummary calls db.queryOne to get check-in data by checkInId","invocations":1,"location":null,"numPassingAsserts":1,"retryReasons":[],"status":"passed","title":"calls db.queryOne to get check-in data by checkInId"},{"ancestorTitles":["AiService","generateCheckinSummary"],"duration":6,"failureDetails":[],"failureMessages":[],"fullName":"AiService generateCheckinSummary returns { summary } object with text from generateText","invocations":1,"location":null,"numPassingAsserts":2,"retryReasons":[],"status":"passed","title":"returns { summary } object with text from generateText"},{"ancestorTitles":["AiService","generateCheckinSummary"],"duration":9,"failureDetails":[],"failureMessages":[],"fullName":"AiService generateCheckinSummary returns { summary: null } when generateText throws","invocations":1,"location":null,"numPassingAsserts":1,"retryReasons":[],"status":"passed","title":"returns { summary: null } when generateText throws"},{"ancestorTitles":["AiService","generateCheckinSummary"],"duration":4,"failureDetails":[],"failureMessages":[],"fullName":"AiService generateCheckinSummary fetches check-in via queryOne and forecast via query","invocations":1,"location":null,"numPassingAsserts":2,"retryReasons":[],"status":"passed","title":"fetches check-in via queryOne and forecast via query"},{"ancestorTitles":["AiService","generateFirstDayNarrative"],"duration":4,"failureDetails":[],"failureMessages":[],"fullName":"AiService generateFirstDayNarrative calls fn_first_day_context with orgId and userId","invocations":1,"location":null,"numPassingAsserts":1,"retryReasons":[],"status":"passed","title":"calls fn_first_day_context with orgId and userId"},{"ancestorTitles":["AiService","generateFirstDayNarrative"],"duration":3,"failureDetails":[],"failureMessages":[],"fullName":"AiService generateFirstDayNarrative calls generateText with narrative prompt","invocations":1,"location":null,"numPassingAsserts":1,"retryReasons":[],"status":"passed","title":"calls generateText with narrative prompt"},{"ancestorTitles":["AiService","generateFirstDayNarrative"],"duration":4,"failureDetails":[],"failureMessages":[],"fullName":"AiService generateFirstDayNarrative returns { narrative: string } on success","invocations":1,"location":null,"numPassingAsserts":2,"retryReasons":[],"status":"passed","title":"returns { narrative: string } on success"},{"ancestorTitles":["AiService","generateFirstDayNarrative"],"duration":5,"failureDetails":[],"failureMessages":[],"fullName":"AiService generateFirstDayNarrative returns fallback string when generateText returns null (not null narrative)","invocations":1,"location":null,"numPassingAsserts":3,"retryReasons":[],"status":"passed","title":"returns fallback string when generateText returns null (not null narrative)"},{"ancestorTitles":["AiService","generateFirstDayNarrative"],"duration":3,"failureDetails":[],"failureMessages":[],"fullName":"AiService generateFirstDayNarrative prompt includes org context section (EMPRESA label)","invocations":1,"location":null,"numPassingAsserts":3,"retryReasons":[],"status":"passed","title":"prompt includes org context section (EMPRESA label)"}],"endTime":1781593274811,"message":"","name":"D:\\Estrategia\\backend\\src\\modules\\ai\\ai.service.spec.ts","startTime":1781593273638,"status":"passed","summary":""},{"assertionResults":[{"ancestorTitles":["CyclesService","findAll"],"duration":6,"failureDetails":[],"failureMessages":[],"fullName":"CyclesService findAll returns all cycles for the org","invocations":1,"location":null,"numPassingAsserts":2,"retryReasons":[],"status":"passed","title":"returns all cycles for the org"},{"ancestorTitles":["CyclesService","findAll"],"duration":2,"failureDetails":[],"failureMessages":[],"fullName":"CyclesService findAll returns empty array when no cycles","invocations":1,"location":null,"numPassingAsserts":1,"retryReasons":[],"status":"passed","title":"returns empty array when no cycles"},{"ancestorTitles":["CyclesService","findActive"],"duration":2,"failureDetails":[],"failureMessages":[],"fullName":"CyclesService findActive returns the active cycle when one exists","invocations":1,"location":null,"numPassingAsserts":1,"retryReasons":[],"status":"passed","title":"returns the active cycle when one exists"},{"ancestorTitles":["CyclesService","findActive"],"duration":2,"failureDetails":[],"failureMessages":[],"fullName":"CyclesService findActive returns null when no active cycle","invocations":1,"location":null,"numPassingAsserts":1,"retryReasons":[],"status":"passed","title":"returns null when no active cycle"},{"ancestorTitles":["CyclesService","findOne"],"duration":2,"failureDetails":[],"failureMessages":[],"fullName":"CyclesService findOne returns a cycle by id","invocations":1,"location":null,"numPassingAsserts":1,"retryReasons":[],"status":"passed","title":"returns a cycle by id"},{"ancestorTitles":["CyclesService","findOne"],"duration":15,"failureDetails":[],"failureMessages":[],"fullName":"CyclesService findOne throws NotFoundException when cycle does not exist","invocations":1,"location":null,"numPassingAsserts":1,"retryReasons":[],"status":"passed","title":"throws NotFoundException when cycle does not exist"},{"ancestorTitles":["CyclesService","create"],"duration":2,"failureDetails":[],"failureMessages":[],"fullName":"CyclesService create creates a cycle and returns it","invocations":1,"location":null,"numPassingAsserts":2,"retryReasons":[],"status":"passed","title":"creates a cycle and returns it"},{"ancestorTitles":["CyclesService","create"],"duration":3,"failureDetails":[],"failureMessages":[],"fullName":"CyclesService create throws BadRequestException when end date is before start date","invocations":1,"location":null,"numPassingAsserts":1,"retryReasons":[],"status":"passed","title":"throws BadRequestException when end date is before start date"},{"ancestorTitles":["CyclesService","create"],"duration":3,"failureDetails":[],"failureMessages":[],"fullName":"CyclesService create throws BadRequestException on cycles_dates_check constraint","invocations":1,"location":null,"numPassingAsserts":1,"retryReasons":[],"status":"passed","title":"throws BadRequestException on cycles_dates_check constraint"},{"ancestorTitles":["CyclesService","create"],"duration":4,"failureDetails":[],"failureMessages":[],"fullName":"CyclesService create re-throws unknown errors from DB","invocations":1,"location":null,"numPassingAsserts":1,"retryReasons":[],"status":"passed","title":"re-throws unknown errors from DB"},{"ancestorTitles":["CyclesService","update"],"duration":1,"failureDetails":[],"failureMessages":[],"fullName":"CyclesService update updates a cycle and returns updated version","invocations":1,"location":null,"numPassingAsserts":1,"retryReasons":[],"status":"passed","title":"updates a cycle and returns updated version"},{"ancestorTitles":["CyclesService","update"],"duration":2,"failureDetails":[],"failureMessages":[],"fullName":"CyclesService update throws NotFoundException if cycle does not exist","invocations":1,"location":null,"numPassingAsserts":1,"retryReasons":[],"status":"passed","title":"throws NotFoundException if cycle does not exist"},{"ancestorTitles":["CyclesService","activate"],"duration":2,"failureDetails":[],"failureMessages":[],"fullName":"CyclesService activate activates a cycle and triggers alignment audit","invocations":1,"location":null,"numPassingAsserts":2,"retryReasons":[],"status":"passed","title":"activates a cycle and triggers alignment audit"},{"ancestorTitles":["CyclesService","activate"],"duration":2,"failureDetails":[],"failureMessages":[],"fullName":"CyclesService activate throws BadRequestException when a cycle is already active","invocations":1,"location":null,"numPassingAsserts":1,"retryReasons":[],"status":"passed","title":"throws BadRequestException when a cycle is already active"},{"ancestorTitles":["CyclesService","activate"],"duration":2,"failureDetails":[],"failureMessages":[],"fullName":"CyclesService activate throws NotFoundException if cycle not found before activating","invocations":1,"location":null,"numPassingAsserts":1,"retryReasons":[],"status":"passed","title":"throws NotFoundException if cycle not found before activating"},{"ancestorTitles":["CyclesService","close"],"duration":1,"failureDetails":[],"failureMessages":[],"fullName":"CyclesService close closes a cycle","invocations":1,"location":null,"numPassingAsserts":1,"retryReasons":[],"status":"passed","title":"closes a cycle"},{"ancestorTitles":["CyclesService","close"],"duration":2,"failureDetails":[],"failureMessages":[],"fullName":"CyclesService close throws BadRequestException on close failure","invocations":1,"location":null,"numPassingAsserts":1,"retryReasons":[],"status":"passed","title":"throws BadRequestException on close failure"},{"ancestorTitles":["CyclesService","getScore"],"duration":2,"failureDetails":[],"failureMessages":[],"fullName":"CyclesService getScore returns the cycle score","invocations":1,"location":null,"numPassingAsserts":1,"retryReasons":[],"status":"passed","title":"returns the cycle score"},{"ancestorTitles":["CyclesService","getScore"],"duration":1,"failureDetails":[],"failureMessages":[],"fullName":"CyclesService getScore returns score 0 when function returns null","invocations":1,"location":null,"numPassingAsserts":1,"retryReasons":[],"status":"passed","title":"returns score 0 when function returns null"}],"endTime":1781593275419,"message":"","name":"D:\\Estrategia\\backend\\src\\modules\\cycles\\cycles.service.spec.ts","startTime":1781593274891,"status":"passed","summary":""},{"assertionResults":[{"ancestorTitles":["AgreementsService","findAll"],"duration":14,"failureDetails":[],"failureMessages":[],"fullName":"AgreementsService findAll returns all agreements for an org","invocations":1,"location":null,"numPassingAsserts":2,"retryReasons":[],"status":"passed","title":"returns all agreements for an org"},{"ancestorTitles":["AgreementsService","findAll"],"duration":7,"failureDetails":[],"failureMessages":[],"fullName":"AgreementsService findAll filters by status when provided","invocations":1,"location":null,"numPassingAsserts":1,"retryReasons":[],"status":"passed","title":"filters by status when provided"},{"ancestorTitles":["AgreementsService","findAll"],"duration":7,"failureDetails":[],"failureMessages":[],"fullName":"AgreementsService findAll returns empty array when no agreements exist","invocations":1,"location":null,"numPassingAsserts":1,"retryReasons":[],"status":"passed","title":"returns empty array when no agreements exist"},{"ancestorTitles":["AgreementsService","findOne"],"duration":13,"failureDetails":[],"failureMessages":[],"fullName":"AgreementsService findOne returns the agreement when found","invocations":1,"location":null,"numPassingAsserts":2,"retryReasons":[],"status":"passed","title":"returns the agreement when found"},{"ancestorTitles":["AgreementsService","findOne"],"duration":63,"failureDetails":[],"failureMessages":[],"fullName":"AgreementsService findOne throws NotFoundException when agreement not found","invocations":1,"location":null,"numPassingAsserts":1,"retryReasons":[],"status":"passed","title":"throws NotFoundException when agreement not found"},{"ancestorTitles":["AgreementsService","findOne"],"duration":4,"failureDetails":[],"failureMessages":[],"fullName":"AgreementsService findOne NotFoundException message includes \"Acuerdo no encontrado\"","invocations":1,"location":null,"numPassingAsserts":1,"retryReasons":[],"status":"passed","title":"NotFoundException message includes \"Acuerdo no encontrado\""},{"ancestorTitles":["AgreementsService","create"],"duration":35,"failureDetails":[],"failureMessages":[],"fullName":"AgreementsService create creates an agreement and returns it via findOne","invocations":1,"location":null,"numPassingAsserts":2,"retryReasons":[],"status":"passed","title":"creates an agreement and returns it via findOne"},{"ancestorTitles":["AgreementsService","create"],"duration":12,"failureDetails":[],"failureMessages":[],"fullName":"AgreementsService create passes 10 params to sp_create_agreement","invocations":1,"location":null,"numPassingAsserts":1,"retryReasons":[],"status":"passed","title":"passes 10 params to sp_create_agreement"},{"ancestorTitles":["AgreementsService","create"],"duration":4,"failureDetails":[],"failureMessages":[],"fullName":"AgreementsService create throws BadRequestException on P0012 error","invocations":1,"location":null,"numPassingAsserts":1,"retryReasons":[],"status":"passed","title":"throws BadRequestException on P0012 error"},{"ancestorTitles":["AgreementsService","create"],"duration":4,"failureDetails":[],"failureMessages":[],"fullName":"AgreementsService create throws BadRequestException on \"3 caracteres\" validation error","invocations":1,"location":null,"numPassingAsserts":1,"retryReasons":[],"status":"passed","title":"throws BadRequestException on \"3 caracteres\" validation error"},{"ancestorTitles":["AgreementsService","create"],"duration":8,"failureDetails":[],"failureMessages":[],"fullName":"AgreementsService create re-throws unknown errors from sp_create_agreement","invocations":1,"location":null,"numPassingAsserts":1,"retryReasons":[],"status":"passed","title":"re-throws unknown errors from sp_create_agreement"},{"ancestorTitles":["AgreementsService","update"],"duration":6,"failureDetails":[],"failureMessages":[],"fullName":"AgreementsService update updates an agreement and returns updated data","invocations":1,"location":null,"numPassingAsserts":2,"retryReasons":[],"status":"passed","title":"updates an agreement and returns updated data"},{"ancestorTitles":["AgreementsService","update"],"duration":4,"failureDetails":[],"failureMessages":[],"fullName":"AgreementsService update throws NotFoundException when agreement does not exist","invocations":1,"location":null,"numPassingAsserts":1,"retryReasons":[],"status":"passed","title":"throws NotFoundException when agreement does not exist"},{"ancestorTitles":["AgreementsService","update"],"duration":6,"failureDetails":[],"failureMessages":[],"fullName":"AgreementsService update re-throws P0012 errors from fn_update_agreement as-is","invocations":1,"location":null,"numPassingAsserts":1,"retryReasons":[],"status":"passed","title":"re-throws P0012 errors from fn_update_agreement as-is"},{"ancestorTitles":["AgreementsService","update"],"duration":4,"failureDetails":[],"failureMessages":[],"fullName":"AgreementsService update sends Telegram notification when status changes and telegram is configured","invocations":1,"location":null,"numPassingAsserts":1,"retryReasons":[],"status":"passed","title":"sends Telegram notification when status changes and telegram is configured"},{"ancestorTitles":["AgreementsService","update"],"duration":4,"failureDetails":[],"failureMessages":[],"fullName":"AgreementsService update does NOT send Telegram when status does not change","invocations":1,"location":null,"numPassingAsserts":1,"retryReasons":[],"status":"passed","title":"does NOT send Telegram when status does not change"},{"ancestorTitles":["AgreementsService","delete"],"duration":4,"failureDetails":[],"failureMessages":[],"fullName":"AgreementsService delete soft-deletes an agreement via deleted_at","invocations":1,"location":null,"numPassingAsserts":2,"retryReasons":[],"status":"passed","title":"soft-deletes an agreement via deleted_at"},{"ancestorTitles":["AgreementsService","delete"],"duration":13,"failureDetails":[],"failureMessages":[],"fullName":"AgreementsService delete throws NotFoundException when agreement not found","invocations":1,"location":null,"numPassingAsserts":1,"retryReasons":[],"status":"passed","title":"throws NotFoundException when agreement not found"},{"ancestorTitles":["AgreementsService","getStats"],"duration":4,"failureDetails":[],"failureMessages":[],"fullName":"AgreementsService getStats returns stats for the org","invocations":1,"location":null,"numPassingAsserts":2,"retryReasons":[],"status":"passed","title":"returns stats for the org"},{"ancestorTitles":["AgreementsService","getStats"],"duration":39,"failureDetails":[],"failureMessages":[],"fullName":"AgreementsService getStats returns undefined when no stats row found","invocations":1,"location":null,"numPassingAsserts":1,"retryReasons":[],"status":"passed","title":"returns undefined when no stats row found"}],"endTime":1781593276327,"message":"","name":"D:\\Estrategia\\backend\\src\\modules\\agreements\\agreements.service.spec.ts","startTime":1781593275541,"status":"passed","summary":""},{"assertionResults":[{"ancestorTitles":["InitiativesService","list"],"duration":7,"failureDetails":[],"failureMessages":[],"fullName":"InitiativesService list returns all initiatives for an org","invocations":1,"location":null,"numPassingAsserts":1,"retryReasons":[],"status":"passed","title":"returns all initiatives for an org"},{"ancestorTitles":["InitiativesService","list"],"duration":2,"failureDetails":[],"failureMessages":[],"fullName":"InitiativesService list filters by cycle and team","invocations":1,"location":null,"numPassingAsserts":1,"retryReasons":[],"status":"passed","title":"filters by cycle and team"},{"ancestorTitles":["InitiativesService","create"],"duration":2,"failureDetails":[],"failureMessages":[],"fullName":"InitiativesService create creates an initiative","invocations":1,"location":null,"numPassingAsserts":2,"retryReasons":[],"status":"passed","title":"creates an initiative"},{"ancestorTitles":["InitiativesService","create"],"duration":30,"failureDetails":[],"failureMessages":[],"fullName":"InitiativesService create throws BadRequestException on FK violation (23503)","invocations":1,"location":null,"numPassingAsserts":1,"retryReasons":[],"status":"passed","title":"throws BadRequestException on FK violation (23503)"},{"ancestorTitles":["InitiativesService","create"],"duration":4,"failureDetails":[],"failureMessages":[],"fullName":"InitiativesService create throws BadRequestException on duplicate (23505)","invocations":1,"location":null,"numPassingAsserts":1,"retryReasons":[],"status":"passed","title":"throws BadRequestException on duplicate (23505)"},{"ancestorTitles":["InitiativesService","update"],"duration":4,"failureDetails":[],"failureMessages":[],"fullName":"InitiativesService update updates initiative title","invocations":1,"location":null,"numPassingAsserts":2,"retryReasons":[],"status":"passed","title":"updates initiative title"},{"ancestorTitles":["InitiativesService","update"],"duration":3,"failureDetails":[],"failureMessages":[],"fullName":"InitiativesService update throws BadRequestException when updating DONE initiative","invocations":1,"location":null,"numPassingAsserts":1,"retryReasons":[],"status":"passed","title":"throws BadRequestException when updating DONE initiative"},{"ancestorTitles":["InitiativesService","update"],"duration":4,"failureDetails":[],"failureMessages":[],"fullName":"InitiativesService update throws BadRequestException when updating CANCELLED initiative","invocations":1,"location":null,"numPassingAsserts":1,"retryReasons":[],"status":"passed","title":"throws BadRequestException when updating CANCELLED initiative"},{"ancestorTitles":["InitiativesService","update"],"duration":4,"failureDetails":[],"failureMessages":[],"fullName":"InitiativesService update returns current initiative when no fields to update","invocations":1,"location":null,"numPassingAsserts":1,"retryReasons":[],"status":"passed","title":"returns current initiative when no fields to update"},{"ancestorTitles":["InitiativesService","delete"],"duration":16,"failureDetails":[],"failureMessages":[],"fullName":"InitiativesService delete soft-deletes an initiative","invocations":1,"location":null,"numPassingAsserts":1,"retryReasons":[],"status":"passed","title":"soft-deletes an initiative"},{"ancestorTitles":["InitiativesService","delete"],"duration":2,"failureDetails":[],"failureMessages":[],"fullName":"InitiativesService delete throws NotFoundException when initiative not found","invocations":1,"location":null,"numPassingAsserts":1,"retryReasons":[],"status":"passed","title":"throws NotFoundException when initiative not found"},{"ancestorTitles":["InitiativesService","linkKr"],"duration":2,"failureDetails":[],"failureMessages":[],"fullName":"InitiativesService linkKr links a KR to an initiative","invocations":1,"location":null,"numPassingAsserts":1,"retryReasons":[],"status":"passed","title":"links a KR to an initiative"},{"ancestorTitles":["InitiativesService","linkKr"],"duration":1,"failureDetails":[],"failureMessages":[],"fullName":"InitiativesService linkKr throws NotFoundException when KR not found","invocations":1,"location":null,"numPassingAsserts":1,"retryReasons":[],"status":"passed","title":"throws NotFoundException when KR not found"},{"ancestorTitles":["InitiativesService","unlinkKr"],"duration":1,"failureDetails":[],"failureMessages":[],"fullName":"InitiativesService unlinkKr unlinks a KR from an initiative","invocations":1,"location":null,"numPassingAsserts":1,"retryReasons":[],"status":"passed","title":"unlinks a KR from an initiative"},{"ancestorTitles":["InitiativesService","createMilestone"],"duration":2,"failureDetails":[],"failureMessages":[],"fullName":"InitiativesService createMilestone creates a milestone","invocations":1,"location":null,"numPassingAsserts":1,"retryReasons":[],"status":"passed","title":"creates a milestone"},{"ancestorTitles":["InitiativesService","createMilestone"],"duration":3,"failureDetails":[],"failureMessages":[],"fullName":"InitiativesService createMilestone throws NotFoundException when initiative not found","invocations":1,"location":null,"numPassingAsserts":1,"retryReasons":[],"status":"passed","title":"throws NotFoundException when initiative not found"},{"ancestorTitles":["InitiativesService","completeMilestone"],"duration":2,"failureDetails":[],"failureMessages":[],"fullName":"InitiativesService completeMilestone completes a milestone","invocations":1,"location":null,"numPassingAsserts":1,"retryReasons":[],"status":"passed","title":"completes a milestone"},{"ancestorTitles":["InitiativesService","completeMilestone"],"duration":7,"failureDetails":[],"failureMessages":[],"fullName":"InitiativesService completeMilestone throws NotFoundException when milestone not found","invocations":1,"location":null,"numPassingAsserts":1,"retryReasons":[],"status":"passed","title":"throws NotFoundException when milestone not found"},{"ancestorTitles":["InitiativesService","completeMilestone"],"duration":3,"failureDetails":[],"failureMessages":[],"fullName":"InitiativesService completeMilestone throws BadRequestException on P0030 (already completed)","invocations":1,"location":null,"numPassingAsserts":1,"retryReasons":[],"status":"passed","title":"throws BadRequestException on P0030 (already completed)"},{"ancestorTitles":["InitiativesService","deleteMilestone"],"duration":2,"failureDetails":[],"failureMessages":[],"fullName":"InitiativesService deleteMilestone deletes a milestone","invocations":1,"location":null,"numPassingAsserts":1,"retryReasons":[],"status":"passed","title":"deletes a milestone"},{"ancestorTitles":["InitiativesService","deleteMilestone"],"duration":2,"failureDetails":[],"failureMessages":[],"fullName":"InitiativesService deleteMilestone throws NotFoundException when milestone not found","invocations":1,"location":null,"numPassingAsserts":1,"retryReasons":[],"status":"passed","title":"throws NotFoundException when milestone not found"}],"endTime":1781593276943,"message":"","name":"D:\\Estrategia\\backend\\src\\modules\\initiatives\\initiatives.service.spec.ts","startTime":1781593276380,"status":"passed","summary":""},{"assertionResults":[{"ancestorTitles":["ConsultantService","listClients"],"duration":9,"failureDetails":[],"failureMessages":[],"fullName":"ConsultantService listClients returns array of client org health records","invocations":1,"location":null,"numPassingAsserts":2,"retryReasons":[],"status":"passed","title":"returns array of client org health records"},{"ancestorTitles":["ConsultantService","listClients"],"duration":5,"failureDetails":[],"failureMessages":[],"fullName":"ConsultantService listClients returns empty array when consultant has no clients","invocations":1,"location":null,"numPassingAsserts":1,"retryReasons":[],"status":"passed","title":"returns empty array when consultant has no clients"},{"ancestorTitles":["ConsultantService","listClients"],"duration":3,"failureDetails":[],"failureMessages":[],"fullName":"ConsultantService listClients queries by consultant_email via consultant_clients table","invocations":1,"location":null,"numPassingAsserts":1,"retryReasons":[],"status":"passed","title":"queries by consultant_email via consultant_clients table"},{"ancestorTitles":["ConsultantService","addClient"],"duration":25,"failureDetails":[],"failureMessages":[],"fullName":"ConsultantService addClient throws ForbiddenException when consultant user not found in org","invocations":1,"location":null,"numPassingAsserts":1,"retryReasons":[],"status":"passed","title":"throws ForbiddenException when consultant user not found in org"},{"ancestorTitles":["ConsultantService","addClient"],"duration":4,"failureDetails":[],"failureMessages":[],"fullName":"ConsultantService addClient ForbiddenException message includes \"No tienes acceso a esa organización\"","invocations":1,"location":null,"numPassingAsserts":1,"retryReasons":[],"status":"passed","title":"ForbiddenException message includes \"No tienes acceso a esa organización\""},{"ancestorTitles":["ConsultantService","addClient"],"duration":2,"failureDetails":[],"failureMessages":[],"fullName":"ConsultantService addClient throws NotFoundException when organization does not exist or is deleted","invocations":1,"location":null,"numPassingAsserts":1,"retryReasons":[],"status":"passed","title":"throws NotFoundException when organization does not exist or is deleted"},{"ancestorTitles":["ConsultantService","addClient"],"duration":2,"failureDetails":[],"failureMessages":[],"fullName":"ConsultantService addClient NotFoundException message includes \"Organización no encontrada\"","invocations":1,"location":null,"numPassingAsserts":1,"retryReasons":[],"status":"passed","title":"NotFoundException message includes \"Organización no encontrada\""},{"ancestorTitles":["ConsultantService","addClient"],"duration":2,"failureDetails":[],"failureMessages":[],"fullName":"ConsultantService addClient reactivates and returns existing row when relationship was previously deactivated","invocations":1,"location":null,"numPassingAsserts":2,"retryReasons":[],"status":"passed","title":"reactivates and returns existing row when relationship was previously deactivated"},{"ancestorTitles":["ConsultantService","addClient"],"duration":4,"failureDetails":[],"failureMessages":[],"fullName":"ConsultantService addClient inserts new row when not yet linked","invocations":1,"location":null,"numPassingAsserts":2,"retryReasons":[],"status":"passed","title":"inserts new row when not yet linked"},{"ancestorTitles":["ConsultantService","addClient"],"duration":3,"failureDetails":[],"failureMessages":[],"fullName":"ConsultantService addClient passes consultantEmail and orgId to the INSERT","invocations":1,"location":null,"numPassingAsserts":1,"retryReasons":[],"status":"passed","title":"passes consultantEmail and orgId to the INSERT"},{"ancestorTitles":["ConsultantService","removeClient"],"duration":3,"failureDetails":[],"failureMessages":[],"fullName":"ConsultantService removeClient soft-deletes by setting is_active=FALSE","invocations":1,"location":null,"numPassingAsserts":1,"retryReasons":[],"status":"passed","title":"soft-deletes by setting is_active=FALSE"},{"ancestorTitles":["ConsultantService","removeClient"],"duration":3,"failureDetails":[],"failureMessages":[],"fullName":"ConsultantService removeClient passes consultant_email and org_id to the UPDATE","invocations":1,"location":null,"numPassingAsserts":2,"retryReasons":[],"status":"passed","title":"passes consultant_email and org_id to the UPDATE"},{"ancestorTitles":["ConsultantService","toggleDigest"],"duration":3,"failureDetails":[],"failureMessages":[],"fullName":"ConsultantService toggleDigest enables digest without throwing","invocations":1,"location":null,"numPassingAsserts":1,"retryReasons":[],"status":"passed","title":"enables digest without throwing"},{"ancestorTitles":["ConsultantService","toggleDigest"],"duration":3,"failureDetails":[],"failureMessages":[],"fullName":"ConsultantService toggleDigest disables digest without throwing","invocations":1,"location":null,"numPassingAsserts":1,"retryReasons":[],"status":"passed","title":"disables digest without throwing"},{"ancestorTitles":["ConsultantService","toggleDigest"],"duration":2,"failureDetails":[],"failureMessages":[],"fullName":"ConsultantService toggleDigest passes enabled flag to the UPDATE query","invocations":1,"location":null,"numPassingAsserts":1,"retryReasons":[],"status":"passed","title":"passes enabled flag to the UPDATE query"},{"ancestorTitles":["ConsultantService","toggleClientAlerts"],"duration":3,"failureDetails":[],"failureMessages":[],"fullName":"ConsultantService toggleClientAlerts throws when consultant link not found","invocations":1,"location":null,"numPassingAsserts":1,"retryReasons":[],"status":"passed","title":"throws when consultant link not found"},{"ancestorTitles":["ConsultantService","toggleClientAlerts"],"duration":3,"failureDetails":[],"failureMessages":[],"fullName":"ConsultantService toggleClientAlerts updates client_alerts_enabled flag","invocations":1,"location":null,"numPassingAsserts":2,"retryReasons":[],"status":"passed","title":"updates client_alerts_enabled flag"},{"ancestorTitles":["ConsultantService","toggleClientAlerts"],"duration":3,"failureDetails":[],"failureMessages":[],"fullName":"ConsultantService toggleClientAlerts also writes feature flag to org parameters","invocations":1,"location":null,"numPassingAsserts":1,"retryReasons":[],"status":"passed","title":"also writes feature flag to org parameters"},{"ancestorTitles":["ConsultantService","getClientAlertsState"],"duration":9,"failureDetails":[],"failureMessages":[],"fullName":"ConsultantService getClientAlertsState returns true when notifications feature is enabled","invocations":1,"location":null,"numPassingAsserts":1,"retryReasons":[],"status":"passed","title":"returns true when notifications feature is enabled"},{"ancestorTitles":["ConsultantService","getClientAlertsState"],"duration":3,"failureDetails":[],"failureMessages":[],"fullName":"ConsultantService getClientAlertsState returns false when row not found","invocations":1,"location":null,"numPassingAsserts":1,"retryReasons":[],"status":"passed","title":"returns false when row not found"}],"endTime":1781593277460,"message":"","name":"D:\\Estrategia\\backend\\src\\modules\\consultant\\consultant.service.spec.ts","startTime":1781593277002,"status":"passed","summary":""},{"assertionResults":[{"ancestorTitles":["Schema integrity — critical views exist"],"duration":192,"failureDetails":[],"failureMessages":[],"fullName":"Schema integrity — critical views exist view v_objectives_with_progress exists","invocations":1,"location":null,"numPassingAsserts":1,"retryReasons":[],"status":"passed","title":"view v_objectives_with_progress exists"},{"ancestorTitles":["Schema integrity — critical views exist"],"duration":4,"failureDetails":[],"failureMessages":[],"fullName":"Schema integrity — critical views exist view v_key_results_with_trend exists","invocations":1,"location":null,"numPassingAsserts":1,"retryReasons":[],"status":"passed","title":"view v_key_results_with_trend exists"},{"ancestorTitles":["Schema integrity — critical views exist"],"duration":4,"failureDetails":[],"failureMessages":[],"fullName":"Schema integrity — critical views exist view v_check_in_history exists","invocations":1,"location":null,"numPassingAsserts":1,"retryReasons":[],"status":"passed","title":"view v_check_in_history exists"},{"ancestorTitles":["Schema integrity — critical views exist"],"duration":4,"failureDetails":[],"failureMessages":[],"fullName":"Schema integrity — critical views exist view v_cycles_with_stats exists","invocations":1,"location":null,"numPassingAsserts":1,"retryReasons":[],"status":"passed","title":"view v_cycles_with_stats exists"},{"ancestorTitles":["Schema integrity — critical views exist"],"duration":5,"failureDetails":[],"failureMessages":[],"fullName":"Schema integrity — critical views exist view v_at_risk_krs exists","invocations":1,"location":null,"numPassingAsserts":1,"retryReasons":[],"status":"passed","title":"view v_at_risk_krs exists"},{"ancestorTitles":["Schema integrity — critical views exist"],"duration":3,"failureDetails":[],"failureMessages":[],"fullName":"Schema integrity — critical views exist view v_cadence_dashboard exists","invocations":1,"location":null,"numPassingAsserts":1,"retryReasons":[],"status":"passed","title":"view v_cadence_dashboard exists"},{"ancestorTitles":["Schema integrity — critical views exist"],"duration":3,"failureDetails":[],"failureMessages":[],"fullName":"Schema integrity — critical views exist view v_executive_dashboard exists","invocations":1,"location":null,"numPassingAsserts":1,"retryReasons":[],"status":"passed","title":"view v_executive_dashboard exists"},{"ancestorTitles":["Schema integrity — critical views exist"],"duration":3,"failureDetails":[],"failureMessages":[],"fullName":"Schema integrity — critical views exist view v_cycle_health exists","invocations":1,"location":null,"numPassingAsserts":1,"retryReasons":[],"status":"passed","title":"view v_cycle_health exists"},{"ancestorTitles":["Schema integrity — critical views exist"],"duration":14,"failureDetails":[],"failureMessages":[],"fullName":"Schema integrity — critical views exist view v_team_health exists","invocations":1,"location":null,"numPassingAsserts":1,"retryReasons":[],"status":"passed","title":"view v_team_health exists"},{"ancestorTitles":["Schema integrity — critical views exist"],"duration":3,"failureDetails":[],"failureMessages":[],"fullName":"Schema integrity — critical views exist view v_alignment_map exists","invocations":1,"location":null,"numPassingAsserts":1,"retryReasons":[],"status":"passed","title":"view v_alignment_map exists"},{"ancestorTitles":["Schema integrity — critical views exist"],"duration":3,"failureDetails":[],"failureMessages":[],"fullName":"Schema integrity — critical views exist view v_org_members exists","invocations":1,"location":null,"numPassingAsserts":1,"retryReasons":[],"status":"passed","title":"view v_org_members exists"},{"ancestorTitles":["Schema integrity — critical views exist"],"duration":2,"failureDetails":[],"failureMessages":[],"fullName":"Schema integrity — critical views exist view v_user_session exists","invocations":1,"location":null,"numPassingAsserts":1,"retryReasons":[],"status":"passed","title":"view v_user_session exists"},{"ancestorTitles":["Schema integrity — critical views exist"],"duration":3,"failureDetails":[],"failureMessages":[],"fullName":"Schema integrity — critical views exist view v_weekly_trend exists","invocations":1,"location":null,"numPassingAsserts":1,"retryReasons":[],"status":"passed","title":"view v_weekly_trend exists"},{"ancestorTitles":["Schema integrity — critical views exist"],"duration":3,"failureDetails":[],"failureMessages":[],"fullName":"Schema integrity — critical views exist view v_portfolio_dashboard exists","invocations":1,"location":null,"numPassingAsserts":1,"retryReasons":[],"status":"passed","title":"view v_portfolio_dashboard exists"},{"ancestorTitles":["Schema integrity — critical views exist"],"duration":2,"failureDetails":[],"failureMessages":[],"fullName":"Schema integrity — critical views exist view v_security_audit exists","invocations":1,"location":null,"numPassingAsserts":1,"retryReasons":[],"status":"passed","title":"view v_security_audit exists"},{"ancestorTitles":["Schema integrity — critical views exist"],"duration":3,"failureDetails":[],"failureMessages":[],"fullName":"Schema integrity — critical views exist view v_upcoming_milestones exists","invocations":1,"location":null,"numPassingAsserts":1,"retryReasons":[],"status":"passed","title":"view v_upcoming_milestones exists"},{"ancestorTitles":["Schema integrity — critical views exist"],"duration":2,"failureDetails":[],"failureMessages":[],"fullName":"Schema integrity — critical views exist view v_initiatives_by_kr exists","invocations":1,"location":null,"numPassingAsserts":1,"retryReasons":[],"status":"passed","title":"view v_initiatives_by_kr exists"},{"ancestorTitles":["Schema integrity — critical views exist"],"duration":3,"failureDetails":[],"failureMessages":[],"fullName":"Schema integrity — critical views exist view v_agreements exists","invocations":1,"location":null,"numPassingAsserts":1,"retryReasons":[],"status":"passed","title":"view v_agreements exists"},{"ancestorTitles":["Schema integrity — critical views exist"],"duration":3,"failureDetails":[],"failureMessages":[],"fullName":"Schema integrity — critical views exist view v_plan_limits exists","invocations":1,"location":null,"numPassingAsserts":1,"retryReasons":[],"status":"passed","title":"view v_plan_limits exists"},{"ancestorTitles":["Schema integrity — stored procedures exist"],"duration":28,"failureDetails":[],"failureMessages":[],"fullName":"Schema integrity — stored procedures exist procedure sp_create_objective exists","invocations":1,"location":null,"numPassingAsserts":1,"retryReasons":[],"status":"passed","title":"procedure sp_create_objective exists"},{"ancestorTitles":["Schema integrity — stored procedures exist"],"duration":4,"failureDetails":[],"failureMessages":[],"fullName":"Schema integrity — stored procedures exist procedure sp_cancel_objective exists","invocations":1,"location":null,"numPassingAsserts":1,"retryReasons":[],"status":"passed","title":"procedure sp_cancel_objective exists"},{"ancestorTitles":["Schema integrity — stored procedures exist"],"duration":6,"failureDetails":[],"failureMessages":[],"fullName":"Schema integrity — stored procedures exist procedure sp_create_key_result exists","invocations":1,"location":null,"numPassingAsserts":1,"retryReasons":[],"status":"passed","title":"procedure sp_create_key_result exists"},{"ancestorTitles":["Schema integrity — stored procedures exist"],"duration":4,"failureDetails":[],"failureMessages":[],"fullName":"Schema integrity — stored procedures exist procedure sp_cancel_key_result exists","invocations":1,"location":null,"numPassingAsserts":1,"retryReasons":[],"status":"passed","title":"procedure sp_cancel_key_result exists"},{"ancestorTitles":["Schema integrity — stored procedures exist"],"duration":4,"failureDetails":[],"failureMessages":[],"fullName":"Schema integrity — stored procedures exist procedure sp_create_check_in exists","invocations":1,"location":null,"numPassingAsserts":1,"retryReasons":[],"status":"passed","title":"procedure sp_create_check_in exists"},{"ancestorTitles":["Schema integrity — stored procedures exist"],"duration":3,"failureDetails":[],"failureMessages":[],"fullName":"Schema integrity — stored procedures exist procedure sp_create_cycle exists","invocations":1,"location":null,"numPassingAsserts":1,"retryReasons":[],"status":"passed","title":"procedure sp_create_cycle exists"},{"ancestorTitles":["Schema integrity — stored procedures exist"],"duration":3,"failureDetails":[],"failureMessages":[],"fullName":"Schema integrity — stored procedures exist procedure sp_activate_cycle exists","invocations":1,"location":null,"numPassingAsserts":1,"retryReasons":[],"status":"passed","title":"procedure sp_activate_cycle exists"},{"ancestorTitles":["Schema integrity — stored procedures exist"],"duration":2,"failureDetails":[],"failureMessages":[],"fullName":"Schema integrity — stored procedures exist procedure sp_close_cycle exists","invocations":1,"location":null,"numPassingAsserts":1,"retryReasons":[],"status":"passed","title":"procedure sp_close_cycle exists"},{"ancestorTitles":["Schema integrity — stored procedures exist"],"duration":2,"failureDetails":[],"failureMessages":[],"fullName":"Schema integrity — stored procedures exist procedure sp_rollover_cycle_items exists","invocations":1,"location":null,"numPassingAsserts":1,"retryReasons":[],"status":"passed","title":"procedure sp_rollover_cycle_items exists"},{"ancestorTitles":["Schema integrity — stored procedures exist"],"duration":3,"failureDetails":[],"failureMessages":[],"fullName":"Schema integrity — stored procedures exist procedure sp_apply_billing_upgrade exists","invocations":1,"location":null,"numPassingAsserts":1,"retryReasons":[],"status":"passed","title":"procedure sp_apply_billing_upgrade exists"},{"ancestorTitles":["Schema integrity — stored procedures exist"],"duration":3,"failureDetails":[],"failureMessages":[],"fullName":"Schema integrity — stored procedures exist procedure sp_downgrade_to_free exists","invocations":1,"location":null,"numPassingAsserts":1,"retryReasons":[],"status":"passed","title":"procedure sp_downgrade_to_free exists"},{"ancestorTitles":["Schema integrity — stored procedures exist"],"duration":4,"failureDetails":[],"failureMessages":[],"fullName":"Schema integrity — stored procedures exist procedure sp_remove_member exists","invocations":1,"location":null,"numPassingAsserts":1,"retryReasons":[],"status":"passed","title":"procedure sp_remove_member exists"},{"ancestorTitles":["Schema integrity — stored procedures exist"],"duration":3,"failureDetails":[],"failureMessages":[],"fullName":"Schema integrity — stored procedures exist procedure sp_update_member_role exists","invocations":1,"location":null,"numPassingAsserts":1,"retryReasons":[],"status":"passed","title":"procedure sp_update_member_role exists"},{"ancestorTitles":["Schema integrity — stored procedures exist"],"duration":3,"failureDetails":[],"failureMessages":[],"fullName":"Schema integrity — stored procedures exist procedure sp_anonymize_user exists","invocations":1,"location":null,"numPassingAsserts":1,"retryReasons":[],"status":"passed","title":"procedure sp_anonymize_user exists"},{"ancestorTitles":["Schema integrity — stored procedures exist"],"duration":3,"failureDetails":[],"failureMessages":[],"fullName":"Schema integrity — stored procedures exist procedure sp_mark_stale_krs_at_risk exists","invocations":1,"location":null,"numPassingAsserts":1,"retryReasons":[],"status":"passed","title":"procedure sp_mark_stale_krs_at_risk exists"},{"ancestorTitles":["Schema integrity — stored procedures exist"],"duration":4,"failureDetails":[],"failureMessages":[],"fullName":"Schema integrity — stored procedures exist procedure sp_update_org_parameters exists","invocations":1,"location":null,"numPassingAsserts":1,"retryReasons":[],"status":"passed","title":"procedure sp_update_org_parameters exists"},{"ancestorTitles":["Schema integrity — stored procedures exist"],"duration":4,"failureDetails":[],"failureMessages":[],"fullName":"Schema integrity — stored procedures exist procedure sp_complete_milestone exists","invocations":1,"location":null,"numPassingAsserts":1,"retryReasons":[],"status":"passed","title":"procedure sp_complete_milestone exists"},{"ancestorTitles":["Schema integrity — stored procedures exist"],"duration":3,"failureDetails":[],"failureMessages":[],"fullName":"Schema integrity — stored procedures exist procedure sp_update_user_profile exists","invocations":1,"location":null,"numPassingAsserts":1,"retryReasons":[],"status":"passed","title":"procedure sp_update_user_profile exists"},{"ancestorTitles":["Schema integrity — stored procedures exist"],"duration":4,"failureDetails":[],"failureMessages":[],"fullName":"Schema integrity — stored procedures exist procedure sp_send_forecast_notification exists","invocations":1,"location":null,"numPassingAsserts":1,"retryReasons":[],"status":"passed","title":"procedure sp_send_forecast_notification exists"},{"ancestorTitles":["Schema integrity — stored procedures exist"],"duration":3,"failureDetails":[],"failureMessages":[],"fullName":"Schema integrity — stored procedures exist procedure sp_create_agreement exists","invocations":1,"location":null,"numPassingAsserts":1,"retryReasons":[],"status":"passed","title":"procedure sp_create_agreement exists"},{"ancestorTitles":["Schema integrity — functions exist"],"duration":4,"failureDetails":[],"failureMessages":[],"fullName":"Schema integrity — functions exist function fn_calculate_kr_progress exists","invocations":1,"location":null,"numPassingAsserts":1,"retryReasons":[],"status":"passed","title":"function fn_calculate_kr_progress exists"},{"ancestorTitles":["Schema integrity — functions exist"],"duration":4,"failureDetails":[],"failureMessages":[],"fullName":"Schema integrity — functions exist function fn_calculate_objective_progress exists","invocations":1,"location":null,"numPassingAsserts":1,"retryReasons":[],"status":"passed","title":"function fn_calculate_objective_progress exists"},{"ancestorTitles":["Schema integrity — functions exist"],"duration":3,"failureDetails":[],"failureMessages":[],"fullName":"Schema integrity — functions exist function fn_check_login_attempts exists","invocations":1,"location":null,"numPassingAsserts":1,"retryReasons":[],"status":"passed","title":"function fn_check_login_attempts exists"},{"ancestorTitles":["Schema integrity — functions exist"],"duration":4,"failureDetails":[],"failureMessages":[],"fullName":"Schema integrity — functions exist function fn_get_cycle_score exists","invocations":1,"location":null,"numPassingAsserts":1,"retryReasons":[],"status":"passed","title":"function fn_get_cycle_score exists"},{"ancestorTitles":["Schema integrity — functions exist"],"duration":3,"failureDetails":[],"failureMessages":[],"fullName":"Schema integrity — functions exist function fn_get_reset_token_info exists","invocations":1,"location":null,"numPassingAsserts":1,"retryReasons":[],"status":"passed","title":"function fn_get_reset_token_info exists"},{"ancestorTitles":["Schema integrity — functions exist"],"duration":4,"failureDetails":[],"failureMessages":[],"fullName":"Schema integrity — functions exist function fn_predict_kr_completion exists","invocations":1,"location":null,"numPassingAsserts":1,"retryReasons":[],"status":"passed","title":"function fn_predict_kr_completion exists"},{"ancestorTitles":["Schema integrity — functions exist"],"duration":4,"failureDetails":[],"failureMessages":[],"fullName":"Schema integrity — functions exist function fn_update_objective exists","invocations":1,"location":null,"numPassingAsserts":1,"retryReasons":[],"status":"passed","title":"function fn_update_objective exists"},{"ancestorTitles":["Schema integrity — functions exist"],"duration":4,"failureDetails":[],"failureMessages":[],"fullName":"Schema integrity — functions exist function fn_update_key_result exists","invocations":1,"location":null,"numPassingAsserts":1,"retryReasons":[],"status":"passed","title":"function fn_update_key_result exists"},{"ancestorTitles":["Schema integrity — functions exist"],"duration":4,"failureDetails":[],"failureMessages":[],"fullName":"Schema integrity — functions exist function fn_update_organization exists","invocations":1,"location":null,"numPassingAsserts":1,"retryReasons":[],"status":"passed","title":"function fn_update_organization exists"},{"ancestorTitles":["Schema integrity — functions exist"],"duration":4,"failureDetails":[],"failureMessages":[],"fullName":"Schema integrity — functions exist function fn_generate_cycle_close_report exists","invocations":1,"location":null,"numPassingAsserts":1,"retryReasons":[],"status":"passed","title":"function fn_generate_cycle_close_report exists"},{"ancestorTitles":["Schema integrity — functions exist"],"duration":4,"failureDetails":[],"failureMessages":[],"fullName":"Schema integrity — functions exist function fn_get_alignment_gaps exists","invocations":1,"location":null,"numPassingAsserts":1,"retryReasons":[],"status":"passed","title":"function fn_get_alignment_gaps exists"},{"ancestorTitles":["Schema integrity — functions exist"],"duration":4,"failureDetails":[],"failureMessages":[],"fullName":"Schema integrity — functions exist function fn_validate_kr_limits exists","invocations":1,"location":null,"numPassingAsserts":1,"retryReasons":[],"status":"passed","title":"function fn_validate_kr_limits exists"},{"ancestorTitles":["Schema integrity — functions exist"],"duration":3,"failureDetails":[],"failureMessages":[],"fullName":"Schema integrity — functions exist function fn_validate_objective_limits exists","invocations":1,"location":null,"numPassingAsserts":1,"retryReasons":[],"status":"passed","title":"function fn_validate_objective_limits exists"},{"ancestorTitles":["Schema integrity — functions exist"],"duration":5,"failureDetails":[],"failureMessages":[],"fullName":"Schema integrity — functions exist function fn_governance_calendar exists","invocations":1,"location":null,"numPassingAsserts":1,"retryReasons":[],"status":"passed","
[...]
sService getPrediction returns the forecast JSONB result","invocations":1,"location":null,"numPassingAsserts":1,"retryReasons":[],"status":"passed","title":"returns the forecast JSONB result"},{"ancestorTitles":["CheckInsService","getPrediction"],"duration":3,"failureDetails":[],"failureMessages":[],"fullName":"CheckInsService getPrediction throws NotFoundException when KR not found","invocations":1,"location":null,"numPassingAsserts":1,"retryReasons":[],"status":"passed","title":"throws NotFoundException when KR not found"},{"ancestorTitles":["CheckInsService","getPrediction"],"duration":5,"failureDetails":[],"failureMessages":[],"fullName":"CheckInsService getPrediction result includes action_type field for ForecastPanel rendering","invocations":1,"location":null,"numPassingAsserts":2,"retryReasons":[],"status":"passed","title":"result includes action_type field for ForecastPanel rendering"},{"ancestorTitles":["CheckInsService","getCadenceDashboard"],"duration":3,"failureDetails":[],"failureMessages":[],"fullName":"CheckInsService getCadenceDashboard queries v_cadence_dashboard with orgId and cycleId","invocations":1,"location":null,"numPassingAsserts":1,"retryReasons":[],"status":"passed","title":"queries v_cadence_dashboard with orgId and cycleId"},{"ancestorTitles":["CheckInsService","getCadenceDashboard"],"duration":3,"failureDetails":[],"failureMessages":[],"fullName":"CheckInsService getCadenceDashboard returns items with kr_code field","invocations":1,"location":null,"numPassingAsserts":2,"retryReasons":[],"status":"passed","title":"returns items with kr_code field"},{"ancestorTitles":["CheckInsService","getCadenceDashboard"],"duration":7,"failureDetails":[],"failureMessages":[],"fullName":"CheckInsService getCadenceDashboard returns items with obj_code field","invocations":1,"location":null,"numPassingAsserts":1,"retryReasons":[],"status":"passed","title":"returns items with obj_code field"},{"ancestorTitles":["CheckInsService","getCadenceDashboard"],"duration":3,"failureDetails":[],"failureMessages":[],"fullName":"CheckInsService getCadenceDashboard returns empty array when no cadence data exists","invocations":1,"location":null,"numPassingAsserts":1,"retryReasons":[],"status":"passed","title":"returns empty array when no cadence data exists"}],"endTime":1781593283351,"message":"","name":"D:\\Estrategia\\backend\\src\\modules\\check-ins\\check-ins.service.spec.ts","startTime":1781593221716,"status":"passed","summary":""},{"assertionResults":[{"ancestorTitles":["ReportsService","getExecutiveDashboard"],"duration":10,"failureDetails":[],"failureMessages":[],"fullName":"ReportsService getExecutiveDashboard calls getOrSet with correct cache key","invocations":1,"location":null,"numPassingAsserts":2,"retryReasons":[],"status":"passed","title":"calls getOrSet with correct cache key"},{"ancestorTitles":["ReportsService","getExecutiveDashboard"],"duration":3,"failureDetails":[],"failureMessages":[],"fullName":"ReportsService getExecutiveDashboard uses active key when cycleId is undefined","invocations":1,"location":null,"numPassingAsserts":1,"retryReasons":[],"status":"passed","title":"uses active key when cycleId is undefined"},{"ancestorTitles":["ReportsService","getCycleHealth"],"duration":2,"failureDetails":[],"failureMessages":[],"fullName":"ReportsService getCycleHealth calls getOrSet with correct cache key","invocations":1,"location":null,"numPassingAsserts":1,"retryReasons":[],"status":"passed","title":"calls getOrSet with correct cache key"},{"ancestorTitles":["ReportsService","generateCloseReport"],"duration":42,"failureDetails":[],"failureMessages":[],"fullName":"ReportsService generateCloseReport throws NotFoundException when cycle does not belong to org","invocations":1,"location":null,"numPassingAsserts":1,"retryReasons":[],"status":"passed","title":"throws NotFoundException when cycle does not belong to org"},{"ancestorTitles":["ReportsService","generateCloseReport"],"duration":2,"failureDetails":[],"failureMessages":[],"fullName":"ReportsService generateCloseReport invalidates cache after generating report","invocations":1,"location":null,"numPassingAsserts":1,"retryReasons":[],"status":"passed","title":"invalidates cache after generating report"},{"ancestorTitles":["ReportsService","getRiskDashboard"],"duration":3,"failureDetails":[],"failureMessages":[],"fullName":"ReportsService getRiskDashboard returns risk data with summary counts","invocations":1,"location":null,"numPassingAsserts":1,"retryReasons":[],"status":"passed","title":"returns risk data with summary counts"},{"ancestorTitles":["ReportsService","getRiskDashboard"],"duration":3,"failureDetails":[],"failureMessages":[],"fullName":"ReportsService getRiskDashboard returns empty at_risk and stale_14d=0 when no risks","invocations":1,"location":null,"numPassingAsserts":2,"retryReasons":[],"status":"passed","title":"returns empty at_risk and stale_14d=0 when no risks"}],"endTime":1781593285120,"message":"","name":"D:\\Estrategia\\backend\\src\\modules\\reports\\reports.service.spec.ts","startTime":1781593269825,"status":"passed","summary":""},{"assertionResults":[{"ancestorTitles":["HTTP Contract Tests","Auth guard — JWT protection"],"duration":49,"failureDetails":[],"failureMessages":[],"fullName":"HTTP Contract Tests Auth guard — JWT protection returns 401 when no token is provided on protected route","invocations":1,"location":null,"numPassingAsserts":0,"retryReasons":[],"status":"passed","title":"returns 401 when no token is provided on protected route"},{"ancestorTitles":["HTTP Contract Tests","Auth guard — JWT protection"],"duration":7,"failureDetails":[],"failureMessages":[],"fullName":"HTTP Contract Tests Auth guard — JWT protection returns 401 when Authorization header has invalid token","invocations":1,"location":null,"numPassingAsserts":0,"retryReasons":[],"status":"passed","title":"returns 401 when Authorization header has invalid token"},{"ancestorTitles":["HTTP Contract Tests","Auth guard — token format validation"],"duration":5,"failureDetails":[],"failureMessages":[],"fullName":"HTTP Contract Tests Auth guard — token format validation returns 401 when Authorization header uses Basic scheme instead of Bearer","invocations":1,"location":null,"numPassingAsserts":0,"retryReasons":[],"status":"passed","title":"returns 401 when Authorization header uses Basic scheme instead of Bearer"},{"ancestorTitles":["HTTP Contract Tests","Auth guard — token format validation"],"duration":7,"failureDetails":[],"failureMessages":[],"fullName":"HTTP Contract Tests Auth guard — token format validation returns 401 when token is an empty string after Bearer","invocations":1,"location":null,"numPassingAsserts":0,"retryReasons":[],"status":"passed","title":"returns 401 when token is an empty string after Bearer"},{"ancestorTitles":["HTTP Contract Tests","Auth guard — token format validation"],"duration":7,"failureDetails":[],"failureMessages":[],"fullName":"HTTP Contract Tests Auth guard — token format validation returns 401 when JWT has wrong number of segments (only 1 dot)","invocations":1,"location":null,"numPassingAsserts":0,"retryReasons":[],"status":"passed","title":"returns 401 when JWT has wrong number of segments (only 1 dot)"},{"ancestorTitles":["HTTP Contract Tests","Auth guard — token format validation"],"duration":14,"failureDetails":[],"failureMessages":[],"fullName":"HTTP Contract Tests Auth guard — token format validation returns 401 with expired JWT","invocations":1,"location":null,"numPassingAsserts":0,"retryReasons":[],"status":"passed","title":"returns 401 with expired JWT"},{"ancestorTitles":["HTTP Contract Tests","Public routes — accessible without auth"],"duration":7,"failureDetails":[],"failureMessages":[],"fullName":"HTTP Contract Tests Public routes — accessible without auth GET /health returns 200 with status field","invocations":1,"location":null,"numPassingAsserts":2,"retryReasons":[],"status":"passed","title":"GET /health returns 200 with status field"},{"ancestorTitles":["HTTP Contract Tests","Public routes — accessible without auth"],"duration":5,"failureDetails":[],"failureMessages":[],"fullName":"HTTP Contract Tests Public routes — accessible without auth GET /health response includes database and redis checks","invocations":1,"location":null,"numPassingAsserts":2,"retryReasons":[],"status":"passed","title":"GET /health response includes database and redis checks"},{"ancestorTitles":["HTTP Contract Tests","Public routes — accessible without auth"],"duration":8,"failureDetails":[],"failureMessages":[],"fullName":"HTTP Contract Tests Public routes — accessible without auth GET /health timestamp is a valid ISO date string","invocations":1,"location":null,"numPassingAsserts":1,"retryReasons":[],"status":"passed","title":"GET /health timestamp is a valid ISO date string"},{"ancestorTitles":["HTTP Contract Tests","DTO validation — POST /auth/trial"],"duration":311,"failureDetails":[],"failureMessages":[],"fullName":"HTTP Contract Tests DTO validation — POST /auth/trial returns 400 when body is empty","invocations":1,"location":null,"numPassingAsserts":0,"retryReasons":[],"status":"passed","title":"returns 400 when body is empty"},{"ancestorTitles":["HTTP Contract Tests","DTO validation — POST /auth/trial"],"duration":13,"failureDetails":[],"failureMessages":[],"fullName":"HTTP Contract Tests DTO validation — POST /auth/trial returns 400 when email is invalid format","invocations":1,"location":null,"numPassingAsserts":0,"retryReasons":[],"status":"passed","title":"returns 400 when email is invalid format"},{"ancestorTitles":["HTTP Contract Tests","DTO validation — POST /auth/trial"],"duration":8,"failureDetails":[],"failureMessages":[],"fullName":"HTTP Contract Tests DTO validation — POST /auth/trial returns 400 when password is too short (< 8 chars)","invocations":1,"location":null,"numPassingAsserts":0,"retryReasons":[],"status":"passed","title":"returns 400 when password is too short (< 8 chars)"},{"ancestorTitles":["HTTP Contract Tests","DTO validation — POST /auth/trial"],"duration":4,"failureDetails":[],"failureMessages":[],"fullName":"HTTP Contract Tests DTO validation — POST /auth/trial returns 400 when name is missing","invocations":1,"location":null,"numPassingAsserts":0,"retryReasons":[],"status":"passed","title":"returns 400 when name is missing"},{"ancestorTitles":["HTTP Contract Tests","DTO validation — POST /auth/trial"],"duration":4,"failureDetails":[],"failureMessages":[],"fullName":"HTTP Contract Tests DTO validation — POST /auth/trial returns 400 when company is missing","invocations":1,"location":null,"numPassingAsserts":0,"retryReasons":[],"status":"passed","title":"returns 400 when company is missing"},{"ancestorTitles":["HTTP Contract Tests","DTO validation — POST /auth/trial"],"duration":5,"failureDetails":[],"failureMessages":[],"fullName":"HTTP Contract Tests DTO validation — POST /auth/trial returns 400 validation error body has message array","invocations":1,"location":null,"numPassingAsserts":2,"retryReasons":[],"status":"passed","title":"returns 400 validation error body has message array"},{"ancestorTitles":["HTTP Contract Tests","POST /auth/trial — boundary validation"],"duration":3,"failureDetails":[],"failureMessages":[],"fullName":"HTTP Contract Tests POST /auth/trial — boundary validation returns 400 when password is exactly 7 chars (boundary)","invocations":1,"location":null,"numPassingAsserts":0,"retryReasons":[],"status":"passed","title":"returns 400 when password is exactly 7 chars (boundary)"},{"ancestorTitles":["HTTP Contract Tests","POST /auth/trial — boundary validation"],"duration":4,"failureDetails":[],"failureMessages":[],"fullName":"HTTP Contract Tests POST /auth/trial — boundary validation returns 400 when email has multiple @ symbols","invocations":1,"location":null,"numPassingAsserts":0,"retryReasons":[],"status":"passed","title":"returns 400 when email has multiple @ symbols"},{"ancestorTitles":["HTTP Contract Tests","POST /auth/trial — boundary validation"],"duration":6,"failureDetails":[],"failureMessages":[],"fullName":"HTTP Contract Tests POST /auth/trial — boundary validation returns 400 when additional unknown field is sent (forbidNonWhitelisted)","invocations":1,"location":null,"numPassingAsserts":0,"retryReasons":[],"status":"passed","title":"returns 400 when additional unknown field is sent (forbidNonWhitelisted)"},{"ancestorTitles":["HTTP Contract Tests","POST /auth/login — guard behaviour"],"duration":8,"failureDetails":[],"failureMessages":[],"fullName":"HTTP Contract Tests POST /auth/login — guard behaviour returns 401 when credentials are missing","invocations":1,"location":null,"numPassingAsserts":0,"retryReasons":[],"status":"passed","title":"returns 401 when credentials are missing"},{"ancestorTitles":["HTTP Contract Tests","POST /auth/login — guard behaviour"],"duration":4,"failureDetails":[],"failureMessages":[],"fullName":"HTTP Contract Tests POST /auth/login — guard behaviour returns 401 when credentials are wrong","invocations":1,"location":null,"numPassingAsserts":0,"retryReasons":[],"status":"passed","title":"returns 401 when credentials are wrong"},{"ancestorTitles":["HTTP Contract Tests","POST /auth/login — guard behaviour"],"duration":4,"failureDetails":[],"failureMessages":[],"fullName":"HTTP Contract Tests POST /auth/login — guard behaviour returns 401 when email is invalid format","invocations":1,"location":null,"numPassingAsserts":0,"retryReasons":[],"status":"passed","title":"returns 401 when email is invalid format"},{"ancestorTitles":["HTTP Contract Tests","POST /auth/forgot-password — security contract"],"duration":4,"failureDetails":[],"failureMessages":[],"fullName":"HTTP Contract Tests POST /auth/forgot-password — security contract returns 200 even when email is missing (security: no info leak)","invocations":1,"location":null,"numPassingAsserts":0,"retryReasons":[],"status":"passed","title":"returns 200 even when email is missing (security: no info leak)"},{"ancestorTitles":["HTTP Contract Tests","POST /auth/forgot-password — security contract"],"duration":6,"failureDetails":[],"failureMessages":[],"fullName":"HTTP Contract Tests POST /auth/forgot-password — security contract returns 200 for unknown email (security: no info leak)","invocations":1,"location":null,"numPassingAsserts":0,"retryReasons":[],"status":"passed","title":"returns 200 for unknown email (security: no info leak)"},{"ancestorTitles":["HTTP Contract Tests","Security — forgot-password never leaks"],"duration":3,"failureDetails":[],"failureMessages":[],"fullName":"HTTP Contract Tests Security — forgot-password never leaks returns 200 for SQL injection attempt in email field","invocations":1,"location":null,"numPassingAsserts":0,"retryReasons":[],"status":"passed","title":"returns 200 for SQL injection attempt in email field"},{"ancestorTitles":["HTTP Contract Tests","Security — forgot-password never leaks"],"duration":3,"failureDetails":[],"failureMessages":[],"fullName":"HTTP Contract Tests Security — forgot-password never leaks returns 200 for XSS payload in email field","invocations":1,"location":null,"numPassingAsserts":0,"retryReasons":[],"status":"passed","title":"returns 200 for XSS payload in email field"},{"ancestorTitles":["HTTP Contract Tests","Security — forgot-password never leaks"],"duration":4,"failureDetails":[],"failureMessages":[],"fullName":"HTTP Contract Tests Security — forgot-password never leaks returns 200 for empty string email","invocations":1,"location":null,"numPassingAsserts":0,"retryReasons":[],"status":"passed","title":"returns 200 for empty string email"},{"ancestorTitles":["HTTP Contract Tests","Security — forgot-password never leaks"],"duration":8,"failureDetails":[],"failureMessages":[],"fullName":"HTTP Contract Tests Security — forgot-password never leaks returns 200 consistently across 5 rapid calls (no rate-limit in test)","invocations":1,"location":null,"numPassingAsserts":5,"retryReasons":[],"status":"passed","title":"returns 200 consistently across 5 rapid calls (no rate-limit in test)"},{"ancestorTitles":["HTTP Contract Tests","Routing"],"duration":4,"failureDetails":[],"failureMessages":[],"fullName":"HTTP Contract Tests Routing returns 404 for unknown endpoints","invocations":1,"location":null,"numPassingAsserts":0,"retryReasons":[],"status":"passed","title":"returns 404 for unknown endpoints"},{"ancestorTitles":["HTTP Contract Tests","Routing"],"duration":3,"failureDetails":[],"failureMessages":[],"fullName":"HTTP Contract Tests Routing returns 404 for deep unknown paths","invocations":1,"location":null,"numPassingAsserts":0,"retryReasons":[],"status":"passed","title":"returns 404 for deep unknown paths"},{"ancestorTitles":["HTTP Contract Tests","Response format — error shape"],"duration":8,"failureDetails":[],"failureMessages":[],"fullName":"HTTP Contract Tests Response format — error shape 400 validation error body has statusCode: 400","invocations":1,"location":null,"numPassingAsserts":1,"retryReasons":[],"status":"passed","title":"400 validation error body has statusCode: 400"},{"ancestorTitles":["HTTP Contract Tests","Response format — error shape"],"duration":3,"failureDetails":[],"failureMessages":[],"fullName":"HTTP Contract Tests Response format — error shape 400 validation error has error field (Bad Request)","invocations":1,"location":null,"numPassingAsserts":2,"retryReasons":[],"status":"passed","title":"400 validation error has error field (Bad Request)"},{"ancestorTitles":["HTTP Contract Tests","Response format — error shape"],"duration":4,"failureDetails":[],"failureMessages":[],"fullName":"HTTP Contract Tests Response format — error shape 401 unauthorized response has statusCode: 401","invocations":1,"location":null,"numPassingAsserts":1,"retryReasons":[],"status":"passed","title":"401 unauthorized response has statusCode: 401"},{"ancestorTitles":["HTTP Contract Tests","Response format — error shape"],"duration":3,"failureDetails":[],"failureMessages":[],"fullName":"HTTP Contract Tests Response format — error shape 404 not found response has statusCode: 404","invocations":1,"location":null,"numPassingAsserts":1,"retryReasons":[],"status":"passed","title":"404 not found response has statusCode: 404"},{"ancestorTitles":["HTTP Contract Tests","Performance — HTTP response times"],"duration":3,"failureDetails":[],"failureMessages":[],"fullName":"HTTP Contract Tests Performance — HTTP response times GET /health responds in < 200ms","invocations":1,"location":null,"numPassingAsserts":1,"retryReasons":[],"status":"passed","title":"GET /health responds in < 200ms"},{"ancestorTitles":["HTTP Contract Tests","Performance — HTTP response times"],"duration":3,"failureDetails":[],"failureMessages":[],"fullName":"HTTP Contract Tests Performance — HTTP response times POST /auth/trial (invalid DTO) responds in < 100ms","invocations":1,"location":null,"numPassingAsserts":1,"retryReasons":[],"status":"passed","title":"POST /auth/trial (invalid DTO) responds in < 100ms"},{"ancestorTitles":["HTTP Contract Tests","Performance — HTTP response times"],"duration":17,"failureDetails":[],"failureMessages":[],"fullName":"HTTP Contract Tests Performance — HTTP response times 10 concurrent /health requests complete in < 500ms","invocations":1,"location":null,"numPassingAsserts":1,"retryReasons":[],"status":"passed","title":"10 concurrent /health requests complete in < 500ms"},{"ancestorTitles":["HTTP Contract Tests","Performance — HTTP response times"],"duration":7,"failureDetails":[],"failureMessages":[],"fullName":"HTTP Contract Tests Performance — HTTP response times POST /auth/forgot-password responds in < 200ms","invocations":1,"location":null,"numPassingAsserts":1,"retryReasons":[],"status":"passed","title":"POST /auth/forgot-password responds in < 200ms"}],"endTime":1781593289211,"message":"","name":"D:\\Estrategia\\backend\\src\\app.http.spec.ts","startTime":1781593221716,"status":"passed","summary":""}],"wasInterrupted":false}
